23:18:53.531 I ParserSupport     plain     : 0 files parsed, time elapsed (): 0ms
23:18:53.561 I ParserSupport     json      : 0 files parsed, time elapsed (): 0ms
23:18:53.561 I ParserSupport     jar       : 0 files parsed, time elapsed (): 0ms
23:18:53.561 I ParserSupport     csv       : 0 files parsed, time elapsed (): 0ms
23:18:53.562 I ParserSupport     yaml      : 0 files parsed, time elapsed (): 0ms
23:18:53.562 I ParserSupport     java      : 0 files parsed, time elapsed (): 0ms
23:18:53.562 I ParserSupport     properties: 0 files parsed, time elapsed (): 0ms
23:18:53.734 I Jeannie           generated 0 files, 0.00 kb, 0.00 kb/sec, time elapsed (..): 208ms
23:18:58.669 I Jeannie           no files changed, generation skipped! (globalSkipUptodateCheck==false)
23:18:58.673 I Jeannie           module: ./cartridge (modified 364557h:18m:58s.666 ago)
23:18:58.673 I Jeannie           input:  input (modified 364557h:18m:58s.666 ago)
23:18:58.673 I Jeannie           output: output (modified 5s.666 ago)
23:18:58.675 I Jeannie           generated 0 files, 0.00 kb, 0.00 kb/sec, time elapsed (): 11ms
23:19:59.084 E Main              usage: <moduledir> <inputdir> <outputdir>
23:20:32.459 E Main              usage: <moduledir> <inputdir> <outputdir>
23:20:41.505 I ParserSupport     plain     : 0 files parsed, time elapsed (): 0ms
23:20:41.509 I ParserSupport     json      : 0 files parsed, time elapsed (): 0ms
23:20:41.510 I ParserSupport     jar       : 0 files parsed, time elapsed (): 1ms
23:20:41.510 I ParserSupport     csv       : 0 files parsed, time elapsed (): 0ms
23:20:41.510 I ParserSupport     yaml      : 0 files parsed, time elapsed (): 0ms
23:20:41.510 I ParserSupport     java      : 0 files parsed, time elapsed (): 0ms
23:20:41.510 I ParserSupport     properties: 0 files parsed, time elapsed (): 0ms
23:20:41.597 I Jeannie           generated 0 files, 0.00 kb, 0.00 kb/sec, time elapsed (.): 158ms
23:21:26.771 I ParserSupport     plain     : 1 files parsed, time elapsed (): 2ms
23:21:26.776 I ParserSupport     json      : 0 files parsed, time elapsed (): 1ms
23:21:26.776 I ParserSupport     jar       : 0 files parsed, time elapsed (): 0ms
23:21:26.780 I ParserSupport     csv       : 1 files parsed, time elapsed (): 4ms
23:21:26.781 I ParserSupport     yaml      : 0 files parsed, time elapsed (): 1ms
23:21:26.781 I ParserSupport     java      : 0 files parsed, time elapsed (): 0ms
23:21:26.781 I ParserSupport     properties: 0 files parsed, time elapsed (): 0ms
23:21:26.886 I Jeannie           generated 0 files, 0.00 kb, 0.00 kb/sec, time elapsed (.): 181ms
23:22:14.507 D LogConfiguration  tracing profile: logback-debug.xml
23:22:14.513 I JeannieProperties csvQuoteCharacter        = csv parser: character used to quote (")
23:22:14.513 I JeannieProperties csvSeparator             = csv parser: character to use for separation (,)
23:22:14.514 I JeannieProperties csvSkipLines             = csv parser: how many lines to skip (0)
23:22:14.514 I JeannieProperties globalDebug              = DEBUG mode - causes lots of output (true)
23:22:14.514 I JeannieProperties globalDelimiterEndChar   = end delimiter character for stringtemplate expressions ($)
23:22:14.514 I JeannieProperties globalDelimiterStartChar = start delimiter character for stringtemplate expressions ($)
23:22:14.514 I JeannieProperties globalEncoding           = set encoding type for read and written files (ISO-8859-1)
23:22:14.514 I JeannieProperties globalExternalPackage    = user package that will be scanned to find parsers and processors (null)
23:22:14.514 I JeannieProperties globalSkipUptodateCheck  = skip up-to-date check (false)
23:22:14.514 I JeannieProperties globalTypes              = only parse these types of files (comma separated) (all)
23:22:14.514 I JeannieProperties globalVerbose            = print out the index whenever the generator runs (false)
23:22:14.649 I Reflections       Reflections collected metadata from input stream using serializer org.reflections.serializers.XmlSerializer
23:22:14.668 D ClassScanner      registering: json (extensions: [json], prio: 1)
23:22:14.669 D ClassScanner      registering: jar (extensions: [jar], prio: 1)
23:22:14.670 D ClassScanner      registering: csv (extensions: [csv], prio: 1)
23:22:14.671 D ClassScanner      registering: yaml (extensions: [yaml], prio: 1)
23:22:14.672 D ClassScanner      registering: java (extensions: [java], prio: 1)
23:22:14.673 D ClassScanner      registering: plain (prio: 0)
23:22:14.674 D ClassScanner      registering: properties (extensions: [properties], prio: 1)
23:22:14.676 D ClassScanner      registering: DefaultPreprocessor (Processor)
23:22:14.682 D ClassScanner      registering: JavaPostprocessor (Processor)
23:22:14.682 D ClassScanner      registering: DefaultPostprocessor (Processor)
23:22:14.683 D Jeannie           init(): time elapsed (..): 205ms
23:22:14.788 D Jeannie           'csv' adding 'input/JeannieProperties.csv'
23:22:14.796 I ParserSupport     plain     : 1 files parsed, time elapsed (): 4ms
23:22:14.796 I ParserSupport     json      : 0 files parsed, time elapsed (): 0ms
23:22:14.797 I ParserSupport     jar       : 0 files parsed, time elapsed (): 1ms
23:22:14.809 I ParserSupport     csv       : 1 files parsed, time elapsed (): 12ms
23:22:14.810 I ParserSupport     yaml      : 0 files parsed, time elapsed (): 1ms
23:22:14.810 I ParserSupport     java      : 0 files parsed, time elapsed (): 0ms
23:22:14.810 I ParserSupport     properties: 0 files parsed, time elapsed (): 0ms
23:22:14.813 D ProcessorHandler  groovy processors found: []
23:22:14.816 D ProcessorHandler  recompiling scriptlets...
23:22:14.869 D ClassPathExtender adding to classpath file:/home/alvi/projects/jeannie/playground/output/.jeannie-workingdir/scripts/
23:22:14.869 D ProcessorHandler  DefaultPostprocessor is a Postprocessor
23:22:14.869 D ProcessorHandler  DefaultPreprocessor  is a Preprocessor
23:22:14.870 D ProcessorHandler  JavaPostprocessor    is a Postprocessor
23:22:14.881 I Context           all                  = all parsed and non-parsed objects (1 entries)
23:22:14.881 I Context           allfiles             = all input files (1 entries)
23:22:14.881 I Context           counter              = counts iterated object from the generatefor list (not available)
23:22:14.881 I Context           current              = the current object 
23:22:14.882 I Context           currentfile          = the current file 
23:22:14.882 I Context           currenttemplate      = the current template 
23:22:14.882 I Context           env                  = environment properties (42 entries)
23:22:14.882 I Context           index                = this index 
23:22:14.882 I Context           info                 = generator information (type: com.sb.jeannie.beans.Info)
23:22:14.882 I Context           iterator             = iterator object from the generatefor list (not available)
23:22:14.882 I Context           jeannieproperties    = jeannie properties (12 entries)
23:22:14.882 I Context           module               = the module (type: com.sb.jeannie.beans.Module)
23:22:14.882 I Context           objectmap            = invertible map (file <-> object) (1 entries)
23:22:14.883 I Context           parsers              = list of all parsers (7 entries)
23:22:14.883 I Context           properties           = map of properties (1 entries)
23:22:14.883 I Context           result               = the output after phase 1 (not available)
23:22:14.883 I Context           scriptlets           = list of all scriptlets (3 entries)
23:22:14.883 I Context           systemproperties     = system properties (52 entries)
23:22:14.883 I Context           templateproperties   = template properties (not available)
23:22:14.883 I Context           
23:22:14.883 I Context           Preprocessors:
23:22:14.884 I Context           DefaultPreprocessor  sitting duck
23:22:14.884 I Context           
23:22:14.884 I Context           Postprocessors:
23:22:14.884 I Context           DefaultPostprocessor sets output location: <templatefilename/currentfile>
23:22:14.884 I Context           JavaPostprocessor    sets output location: <package>/<classname>.java
23:22:14.887 I Jeannie           generated 0 files, 0.00 kb, 0.00 kb/sec, time elapsed (..): 204ms
23:23:48.245 D LogConfiguration  tracing profile: logback-debug.xml
23:23:48.251 I JeannieProperties csvQuoteCharacter        = csv parser: character used to quote (")
23:23:48.252 I JeannieProperties csvSeparator             = csv parser: character to use for separation (,)
23:23:48.252 I JeannieProperties csvSkipLines             = csv parser: how many lines to skip (0)
23:23:48.252 I JeannieProperties globalDebug              = DEBUG mode - causes lots of output (true)
23:23:48.252 I JeannieProperties globalDelimiterEndChar   = end delimiter character for stringtemplate expressions ($)
23:23:48.252 I JeannieProperties globalDelimiterStartChar = start delimiter character for stringtemplate expressions ($)
23:23:48.252 I JeannieProperties globalEncoding           = set encoding type for read and written files (ISO-8859-1)
23:23:48.252 I JeannieProperties globalExternalPackage    = user package that will be scanned to find parsers and processors (null)
23:23:48.252 I JeannieProperties globalSkipUptodateCheck  = skip up-to-date check (false)
23:23:48.252 I JeannieProperties globalTypes              = only parse these types of files (comma separated) (all)
23:23:48.252 I JeannieProperties globalVerbose            = print out the index whenever the generator runs (false)
23:23:48.402 I Reflections       Reflections collected metadata from input stream using serializer org.reflections.serializers.XmlSerializer
23:23:48.422 D ClassScanner      registering: json (extensions: [json], prio: 1)
23:23:48.423 D ClassScanner      registering: jar (extensions: [jar], prio: 1)
23:23:48.424 D ClassScanner      registering: csv (extensions: [csv], prio: 1)
23:23:48.425 D ClassScanner      registering: yaml (extensions: [yaml], prio: 1)
23:23:48.426 D ClassScanner      registering: java (extensions: [java], prio: 1)
23:23:48.427 D ClassScanner      registering: plain (prio: 0)
23:23:48.427 D ClassScanner      registering: properties (extensions: [properties], prio: 1)
23:23:48.429 D ClassScanner      registering: DefaultPreprocessor (Processor)
23:23:48.435 D ClassScanner      registering: JavaPostprocessor (Processor)
23:23:48.435 D ClassScanner      registering: DefaultPostprocessor (Processor)
23:23:48.436 D Jeannie           init(): time elapsed (..): 219ms
23:23:48.564 D Jeannie           'csv' adding 'input/JeannieProperties.csv'
23:23:48.568 I ParserSupport     plain     : 1 files parsed, time elapsed (): 1ms
23:23:48.568 I ParserSupport     json      : 0 files parsed, time elapsed (): 0ms
23:23:48.569 I ParserSupport     jar       : 0 files parsed, time elapsed (): 1ms
23:23:48.573 I ParserSupport     csv       : 1 files parsed, time elapsed (): 4ms
23:23:48.573 I ParserSupport     yaml      : 0 files parsed, time elapsed (): 0ms
23:23:48.573 I ParserSupport     java      : 0 files parsed, time elapsed (): 0ms
23:23:48.573 I ParserSupport     properties: 0 files parsed, time elapsed (): 0ms
23:23:48.576 D ProcessorHandler  groovy processors found: []
23:23:48.577 D ProcessorHandler  recompiling scriptlets...
23:23:48.607 D ClassPathExtender adding to classpath file:/home/alvi/projects/jeannie/playground/output/.jeannie-workingdir/scripts/
23:23:48.608 D ProcessorHandler  DefaultPostprocessor is a Postprocessor
23:23:48.609 D ProcessorHandler  DefaultPreprocessor  is a Preprocessor
23:23:48.609 D ProcessorHandler  JavaPostprocessor    is a Postprocessor
23:23:48.623 I Context           all                  = all parsed and non-parsed objects (1 entries)
23:23:48.623 I Context           allfiles             = all input files (1 entries)
23:23:48.623 I Context           counter              = counts iterated object from the generatefor list (not available)
23:23:48.623 I Context           current              = the current object 
23:23:48.623 I Context           currentfile          = the current file 
23:23:48.624 I Context           currenttemplate      = the current template 
23:23:48.624 I Context           env                  = environment properties (42 entries)
23:23:48.624 I Context           index                = this index 
23:23:48.624 I Context           info                 = generator information (type: com.sb.jeannie.beans.Info)
23:23:48.624 I Context           iterator             = iterator object from the generatefor list (not available)
23:23:48.624 I Context           jeannieproperties    = jeannie properties (12 entries)
23:23:48.624 I Context           module               = the module (type: com.sb.jeannie.beans.Module)
23:23:48.624 I Context           objectmap            = invertible map (file <-> object) (1 entries)
23:23:48.625 I Context           parsers              = list of all parsers (7 entries)
23:23:48.625 I Context           properties           = map of properties (1 entries)
23:23:48.625 I Context           result               = the output after phase 1 (not available)
23:23:48.625 I Context           scriptlets           = list of all scriptlets (3 entries)
23:23:48.625 I Context           systemproperties     = system properties (52 entries)
23:23:48.625 I Context           templateproperties   = template properties (not available)
23:23:48.625 I Context           
23:23:48.626 I Context           Preprocessors:
23:23:48.626 I Context           DefaultPreprocessor  sitting duck
23:23:48.626 I Context           
23:23:48.626 I Context           Postprocessors:
23:23:48.626 I Context           DefaultPostprocessor sets output location: <templatefilename/currentfile>
23:23:48.626 I Context           JavaPostprocessor    sets output location: <package>/<classname>.java
23:23:48.629 I Jeannie           generated 0 files, 0.00 kb, 0.00 kb/sec, time elapsed (.): 193ms
23:23:58.841 D LogConfiguration  tracing profile: logback-debug.xml
23:23:58.847 I JeannieProperties csvQuoteCharacter        = csv parser: character used to quote (")
23:23:58.847 I JeannieProperties csvSeparator             = csv parser: character to use for separation (,)
23:23:58.848 I JeannieProperties csvSkipLines             = csv parser: how many lines to skip (0)
23:23:58.848 I JeannieProperties globalDebug              = DEBUG mode - causes lots of output (true)
23:23:58.848 I JeannieProperties globalDelimiterEndChar   = end delimiter character for stringtemplate expressions ($)
23:23:58.848 I JeannieProperties globalDelimiterStartChar = start delimiter character for stringtemplate expressions ($)
23:23:58.848 I JeannieProperties globalEncoding           = set encoding type for read and written files (ISO-8859-1)
23:23:58.848 I JeannieProperties globalExternalPackage    = user package that will be scanned to find parsers and processors (null)
23:23:58.848 I JeannieProperties globalSkipUptodateCheck  = skip up-to-date check (false)
23:23:58.848 I JeannieProperties globalTypes              = only parse these types of files (comma separated) (all)
23:23:58.848 I JeannieProperties globalVerbose            = print out the index whenever the generator runs (false)
23:23:59.281 I Reflections       Reflections took 345 ms to scan 23 urls, producing 8 keys and 25 values 
23:23:59.326 I Reflections       Reflections successfully saved in /home/alvi/projects/jeannie/playground/output/.jeannie-workingdir/module/module-reflections.xml using XmlSerializer
23:23:59.345 D ClassScanner      registering: json (extensions: [json], prio: 1)
23:23:59.353 D ClassScanner      registering: jar (extensions: [jar], prio: 1)
23:23:59.354 D ClassScanner      registering: csv (extensions: [csv], prio: 1)
23:23:59.354 D ClassScanner      registering: yaml (extensions: [yaml], prio: 1)
23:23:59.355 D ClassScanner      registering: java (extensions: [java], prio: 1)
23:23:59.356 D ClassScanner      registering: plain (prio: 0)
23:23:59.356 D ClassScanner      registering: properties (extensions: [properties], prio: 1)
23:23:59.363 D ClassScanner      registering: DefaultPreprocessor (Processor)
23:23:59.366 D ClassScanner      registering: JavaPostprocessor (Processor)
23:23:59.366 D ClassScanner      registering: DefaultPostprocessor (Processor)
23:23:59.366 D Jeannie           init(): time elapsed (.....): 554ms
23:23:59.368 D Jeannie           'csv' adding 'input/JeannieProperties.csv'
23:23:59.370 I ParserSupport     plain     : 1 files parsed, time elapsed (): 1ms
23:23:59.370 I ParserSupport     json      : 0 files parsed, time elapsed (): 0ms
23:23:59.371 I ParserSupport     jar       : 0 files parsed, time elapsed (): 1ms
23:23:59.383 I ParserSupport     csv       : 1 files parsed, time elapsed (): 12ms
23:23:59.383 I ParserSupport     yaml      : 0 files parsed, time elapsed (): 0ms
23:23:59.384 I ParserSupport     java      : 0 files parsed, time elapsed (): 1ms
23:23:59.384 I ParserSupport     properties: 0 files parsed, time elapsed (): 0ms
23:23:59.385 D ProcessorHandler  recompiling scriptlets...
23:23:59.527 D ClassPathExtender adding to classpath file:/home/alvi/projects/jeannie/playground/output/.jeannie-workingdir/scripts/
23:23:59.527 D ProcessorHandler  DefaultPostprocessor is a Postprocessor
23:23:59.528 D ProcessorHandler  DefaultPreprocessor  is a Preprocessor
23:23:59.528 D ProcessorHandler  JavaPostprocessor    is a Postprocessor
23:23:59.534 I Context           all                  = all parsed and non-parsed objects (1 entries)
23:23:59.534 I Context           allfiles             = all input files (1 entries)
23:23:59.534 I Context           counter              = counts iterated object from the generatefor list (not available)
23:23:59.534 I Context           current              = the current object 
23:23:59.534 I Context           currentfile          = the current file 
23:23:59.534 I Context           currenttemplate      = the current template 
23:23:59.534 I Context           env                  = environment properties (42 entries)
23:23:59.534 I Context           index                = this index 
23:23:59.534 I Context           info                 = generator information (type: com.sb.jeannie.beans.Info)
23:23:59.535 I Context           iterator             = iterator object from the generatefor list (not available)
23:23:59.535 I Context           jeannieproperties    = jeannie properties (12 entries)
23:23:59.535 I Context           module               = the module (type: com.sb.jeannie.beans.Module)
23:23:59.535 I Context           objectmap            = invertible map (file <-> object) (1 entries)
23:23:59.535 I Context           parsers              = list of all parsers (7 entries)
23:23:59.535 I Context           properties           = map of properties (1 entries)
23:23:59.535 I Context           result               = the output after phase 1 (not available)
23:23:59.535 I Context           scriptlets           = list of all scriptlets (3 entries)
23:23:59.535 I Context           systemproperties     = system properties (52 entries)
23:23:59.535 I Context           templateproperties   = template properties (not available)
23:23:59.535 I Context           
23:23:59.536 I Context           Preprocessors:
23:23:59.536 I Context           DefaultPreprocessor  sitting duck
23:23:59.536 I Context           
23:23:59.536 I Context           Postprocessors:
23:23:59.536 I Context           DefaultPostprocessor sets output location: <templatefilename/currentfile>
23:23:59.536 I Context           JavaPostprocessor    sets output location: <package>/<classname>.java
23:23:59.538 I Jeannie           generated 0 files, 0.00 kb, 0.00 kb/sec, time elapsed (.): 172ms
23:27:21.540 D LogConfiguration  tracing profile: logback-debug.xml
23:27:21.546 I JeannieProperties csvQuoteCharacter        = csv parser: character used to quote (")
23:27:21.546 I JeannieProperties csvSeparator             = csv parser: character to use for separation (,)
23:27:21.546 I JeannieProperties csvSkipLines             = csv parser: how many lines to skip (0)
23:27:21.547 I JeannieProperties globalDebug              = DEBUG mode - causes lots of output (true)
23:27:21.547 I JeannieProperties globalDelimiterEndChar   = end delimiter character for stringtemplate expressions ($)
23:27:21.547 I JeannieProperties globalDelimiterStartChar = start delimiter character for stringtemplate expressions ($)
23:27:21.547 I JeannieProperties globalEncoding           = set encoding type for read and written files (ISO-8859-1)
23:27:21.547 I JeannieProperties globalExternalPackage    = user package that will be scanned to find parsers and processors (null)
23:27:21.547 I JeannieProperties globalSkipUptodateCheck  = skip up-to-date check (false)
23:27:21.547 I JeannieProperties globalTypes              = only parse these types of files (comma separated) (all)
23:27:21.547 I JeannieProperties globalVerbose            = print out the index whenever the generator runs (false)
23:27:21.681 I Reflections       Reflections collected metadata from input stream using serializer org.reflections.serializers.XmlSerializer
23:27:21.700 D ClassScanner      registering: json (extensions: [json], prio: 1)
23:27:21.701 D ClassScanner      registering: jar (extensions: [jar], prio: 1)
23:27:21.702 D ClassScanner      registering: csv (extensions: [csv], prio: 1)
23:27:21.703 D ClassScanner      registering: yaml (extensions: [yaml], prio: 1)
23:27:21.704 D ClassScanner      registering: java (extensions: [java], prio: 1)
23:27:21.704 D ClassScanner      registering: plain (prio: 0)
23:27:21.705 D ClassScanner      registering: properties (extensions: [properties], prio: 1)
23:27:21.708 D ClassScanner      registering: DefaultPreprocessor (Processor)
23:27:21.712 D ClassScanner      registering: JavaPostprocessor (Processor)
23:27:21.713 D ClassScanner      registering: DefaultPostprocessor (Processor)
23:27:21.713 D Jeannie           init(): time elapsed (..): 202ms
23:27:21.795 D Jeannie           'csv' adding 'input/JeannieProperties.csv'
23:27:21.798 I ParserSupport     plain     : 1 files parsed, time elapsed (): 1ms
23:27:21.799 I ParserSupport     json      : 0 files parsed, time elapsed (): 0ms
23:27:21.799 I ParserSupport     jar       : 0 files parsed, time elapsed (): 0ms
23:27:21.805 I ParserSupport     csv       : 1 files parsed, time elapsed (): 6ms
23:27:21.805 I ParserSupport     yaml      : 0 files parsed, time elapsed (): 0ms
23:27:21.805 I ParserSupport     java      : 0 files parsed, time elapsed (): 0ms
23:27:21.812 I ParserSupport     properties: 0 files parsed, time elapsed (): 0ms
23:27:21.818 D ProcessorHandler  groovy processors found: []
23:27:21.819 D ProcessorHandler  recompiling scriptlets...
23:27:21.876 D ProcessorHandler  looking for scriptlets in: 
23:27:21.887 D ClassPathExtender adding to classpath file:/home/alvi/projects/jeannie/playground/output/.jeannie-workingdir/scripts/
23:27:21.889 D ProcessorHandler  DefaultPostprocessor is a Postprocessor
23:27:21.889 D ProcessorHandler  DefaultPreprocessor  is a Preprocessor
23:27:21.889 D ProcessorHandler  JavaPostprocessor    is a Postprocessor
23:27:21.902 I Context           all                  = all parsed and non-parsed objects (1 entries)
23:27:21.903 I Context           allfiles             = all input files (1 entries)
23:27:21.903 I Context           counter              = counts iterated object from the generatefor list (not available)
23:27:21.903 I Context           current              = the current object 
23:27:21.903 I Context           currentfile          = the current file 
23:27:21.903 I Context           currenttemplate      = the current template 
23:27:21.904 I Context           env                  = environment properties (42 entries)
23:27:21.904 I Context           index                = this index 
23:27:21.904 I Context           info                 = generator information (type: com.sb.jeannie.beans.Info)
23:27:21.904 I Context           iterator             = iterator object from the generatefor list (not available)
23:27:21.904 I Context           jeannieproperties    = jeannie properties (12 entries)
23:27:21.904 I Context           module               = the module (type: com.sb.jeannie.beans.Module)
23:27:21.904 I Context           objectmap            = invertible map (file <-> object) (1 entries)
23:27:21.904 I Context           parsers              = list of all parsers (7 entries)
23:27:21.904 I Context           properties           = map of properties (1 entries)
23:27:21.905 I Context           result               = the output after phase 1 (not available)
23:27:21.905 I Context           scriptlets           = list of all scriptlets (3 entries)
23:27:21.905 I Context           systemproperties     = system properties (52 entries)
23:27:21.905 I Context           templateproperties   = template properties (not available)
23:27:21.905 I Context           
23:27:21.905 I Context           Preprocessors:
23:27:21.905 I Context           DefaultPreprocessor  sitting duck
23:27:21.905 I Context           
23:27:21.905 I Context           Postprocessors:
23:27:21.906 I Context           DefaultPostprocessor sets output location: <templatefilename/currentfile>
23:27:21.906 I Context           JavaPostprocessor    sets output location: <package>/<classname>.java
23:27:21.908 I Jeannie           generated 0 files, 0.00 kb, 0.00 kb/sec, time elapsed (.): 195ms
23:27:49.295 D LogConfiguration  tracing profile: logback-debug.xml
23:27:49.301 I JeannieProperties csvQuoteCharacter        = csv parser: character used to quote (")
23:27:49.301 I JeannieProperties csvSeparator             = csv parser: character to use for separation (,)
23:27:49.301 I JeannieProperties csvSkipLines             = csv parser: how many lines to skip (0)
23:27:49.301 I JeannieProperties globalDebug              = DEBUG mode - causes lots of output (true)
23:27:49.301 I JeannieProperties globalDelimiterEndChar   = end delimiter character for stringtemplate expressions ($)
23:27:49.301 I JeannieProperties globalDelimiterStartChar = start delimiter character for stringtemplate expressions ($)
23:27:49.301 I JeannieProperties globalEncoding           = set encoding type for read and written files (ISO-8859-1)
23:27:49.301 I JeannieProperties globalExternalPackage    = user package that will be scanned to find parsers and processors (null)
23:27:49.302 I JeannieProperties globalSkipUptodateCheck  = skip up-to-date check (false)
23:27:49.302 I JeannieProperties globalTypes              = only parse these types of files (comma separated) (all)
23:27:49.302 I JeannieProperties globalVerbose            = print out the index whenever the generator runs (false)
23:27:49.433 I Reflections       Reflections collected metadata from input stream using serializer org.reflections.serializers.XmlSerializer
23:27:49.451 D ClassScanner      registering: json (extensions: [json], prio: 1)
23:27:49.453 D ClassScanner      registering: jar (extensions: [jar], prio: 1)
23:27:49.454 D ClassScanner      registering: csv (extensions: [csv], prio: 1)
23:27:49.454 D ClassScanner      registering: yaml (extensions: [yaml], prio: 1)
23:27:49.455 D ClassScanner      registering: java (extensions: [java], prio: 1)
23:27:49.456 D ClassScanner      registering: plain (prio: 0)
23:27:49.457 D ClassScanner      registering: properties (extensions: [properties], prio: 1)
23:27:49.459 D ClassScanner      registering: DefaultPreprocessor (Processor)
23:27:49.462 D ClassScanner      registering: JavaPostprocessor (Processor)
23:27:49.462 D ClassScanner      registering: DefaultPostprocessor (Processor)
23:27:49.462 D Jeannie           init(): time elapsed (.): 196ms
23:27:49.564 D Jeannie           'csv' adding 'input/JeannieProperties.csv'
23:27:49.573 I ParserSupport     plain     : 1 files parsed, time elapsed (): 3ms
23:27:49.573 I ParserSupport     json      : 0 files parsed, time elapsed (): 0ms
23:27:49.573 I ParserSupport     jar       : 0 files parsed, time elapsed (): 0ms
23:27:49.577 I ParserSupport     csv       : 1 files parsed, time elapsed (): 3ms
23:27:49.577 I ParserSupport     yaml      : 0 files parsed, time elapsed (): 0ms
23:27:49.577 I ParserSupport     java      : 0 files parsed, time elapsed (): 0ms
23:27:49.578 I ParserSupport     properties: 0 files parsed, time elapsed (): 1ms
23:27:49.587 D ProcessorHandler  groovy processors found: []
23:27:49.588 D ProcessorHandler  recompiling scriptlets...
23:27:49.626 D ProcessorHandler  looking for scriptlets in: output/.jeannie-workingdir/module/scriptlets
23:27:49.638 D ClassPathExtender adding to classpath file:/home/alvi/projects/jeannie/playground/output/.jeannie-workingdir/scripts/
23:27:49.640 D ProcessorHandler  DefaultPostprocessor is a Postprocessor
23:27:49.640 D ProcessorHandler  DefaultPreprocessor  is a Preprocessor
23:27:49.641 D ProcessorHandler  JavaPostprocessor    is a Postprocessor
23:27:49.653 I Context           all                  = all parsed and non-parsed objects (1 entries)
23:27:49.653 I Context           allfiles             = all input files (1 entries)
23:27:49.653 I Context           counter              = counts iterated object from the generatefor list (not available)
23:27:49.653 I Context           current              = the current object 
23:27:49.654 I Context           currentfile          = the current file 
23:27:49.654 I Context           currenttemplate      = the current template 
23:27:49.654 I Context           env                  = environment properties (42 entries)
23:27:49.654 I Context           index                = this index 
23:27:49.654 I Context           info                 = generator information (type: com.sb.jeannie.beans.Info)
23:27:49.655 I Context           iterator             = iterator object from the generatefor list (not available)
23:27:49.655 I Context           jeannieproperties    = jeannie properties (12 entries)
23:27:49.655 I Context           module               = the module (type: com.sb.jeannie.beans.Module)
23:27:49.655 I Context           objectmap            = invertible map (file <-> object) (1 entries)
23:27:49.655 I Context           parsers              = list of all parsers (7 entries)
23:27:49.655 I Context           properties           = map of properties (1 entries)
23:27:49.656 I Context           result               = the output after phase 1 (not available)
23:27:49.656 I Context           scriptlets           = list of all scriptlets (3 entries)
23:27:49.656 I Context           systemproperties     = system properties (52 entries)
23:27:49.656 I Context           templateproperties   = template properties (not available)
23:27:49.656 I Context           
23:27:49.656 I Context           Preprocessors:
23:27:49.657 I Context           DefaultPreprocessor  sitting duck
23:27:49.657 I Context           
23:27:49.657 I Context           Postprocessors:
23:27:49.657 I Context           DefaultPostprocessor sets output location: <templatefilename/currentfile>
23:27:49.657 I Context           JavaPostprocessor    sets output location: <package>/<classname>.java
23:27:49.661 I Jeannie           generated 0 files, 0.00 kb, 0.00 kb/sec, time elapsed (.): 199ms
